<?xml version="1.0" encoding="UTF-8"?>
<!-- Generated by org.testng.reporters.JUnitReportReporter -->
<testsuite hostname="Hp" name="testpack.newtest" tests="1" failures="0" timestamp="4 May 2015 18:34:31 GMT" time="0.000" errors="0">
  <testcase name="f" time="0.000" classname="testpack.newtest"/>
</testsuite> <!-- testpack.newtest -->
