<?xml version="1.0" encoding="UTF-8"?>
<!-- Generated by org.testng.reporters.JUnitReportReporter -->
<testsuite hostname="Hp" name="testpack.yahoo" tests="1" failures="1" timestamp="14 May 2015 16:16:14 GMT" time="0.000" errors="0">
  <testcase name="aftertest" time="0.000" classname="testpack.yahoo"/>
</testsuite> <!-- testpack.yahoo -->
