<?xml version="1.0" encoding="UTF-8"?>
<!-- Generated by org.testng.reporters.JUnitReportReporter -->
<testsuite hostname="Hp" name="Sample_testng" tests="2" failures="0" timestamp="6 May 2015 16:24:54 GMT" time="0.028" errors="0">
  <testcase name="login" time="0.026" classname="Sample_testng"/>
  <testcase name="logout" time="0.002" classname="Sample_testng"/>
</testsuite> <!-- Sample_testng -->
